Using pre-set license
Built from '2020.3/staging' branch; Version is '2020.3.5f1 (8095aa901b9b) revision 8426922'; Using compiler version '192528614'; Build Type 'Release'
OS: 'Windows 10 Education; OS build 18363.1440; Version 1909; 64bit' Language: 'en' Physical Memory: 32711 MB
BatchMode: 1, IsHumanControllingUs: 0, StartBugReporterOnCrash: 0, Is64bit: 1, IsPro: 0

 COMMAND LINE ARGUMENTS:
G:\Program Files\Unity\2020.3.5f1\Editor\Unity.exe
-adb2
-batchMode
-noUpm
-name
AssetImportWorker0
-projectPath
F:/Bill/Projects/DnD Tools/Interactive Tarokka Reading/Interactive Reading
-logFile
Logs/AssetImportWorker0.log
-srvPort
53763
Successfully changed project path to: F:/Bill/Projects/DnD Tools/Interactive Tarokka Reading/Interactive Reading
F:/Bill/Projects/DnD Tools/Interactive Tarokka Reading/Interactive Reading
Using Asset Import Pipeline V2.
Refreshing native plugins compatible for Editor in 23.23 ms, found 0 plugins.
Preloading 0 native plugins for Editor in 0.00 ms.
Initialize engine version: 2020.3.5f1 (8095aa901b9b)
[Subsystems] Discovering subsystems at path G:/Program Files/Unity/2020.3.5f1/Editor/Data/Resources/UnitySubsystems
[Subsystems] Discovering subsystems at path F:/Bill/Projects/DnD Tools/Interactive Tarokka Reading/Interactive Reading/Assets
GfxDevice: creating device client; threaded=0
Direct3D:
    Version:  Direct3D 11.0 [level 11.1]
    Renderer: NVIDIA GeForce GTX 1060 3GB (ID=0x1c02)
    Vendor:   
    VRAM:     2988 MB
    Driver:   27.21.14.6079
Initialize mono
Mono path[0] = 'G:/Program Files/Unity/2020.3.5f1/Editor/Data/Managed'
Mono path[1] = 'G:/Program Files/Unity/2020.3.5f1/Editor/Data/MonoBleedingEdge/lib/mono/unityjit'
Mono config path = 'G:/Program Files/Unity/2020.3.5f1/Editor/Data/MonoBleedingEdge/etc'
Using monoOptions --debugger-agent=transport=dt_socket,embedding=1,server=y,suspend=n,address=127.0.0.1:56804
Begin MonoManager ReloadAssembly
Registering precompiled unity dll's ...
Register platform support module: G:/Program Files/Unity/2020.3.5f1/Editor/Data/PlaybackEngines/WebGLSupport/UnityEditor.WebGL.Extensions.dll
Register platform support module: G:/Program Files/Unity/2020.3.5f1/Editor/Data/PlaybackEngines/WindowsStandaloneSupport/UnityEditor.WindowsStandalone.Extensions.dll
Registered in 0.001811 seconds.
Native extension for WindowsStandalone target not found
Native extension for WebGL target not found
Refreshing native plugins compatible for Editor in 23.76 ms, found 0 plugins.
Preloading 0 native plugins for Editor in 0.00 ms.
Mono: successfully reloaded assembly
- Completed reload, in  1.656 seconds
Platform modules already initialized, skipping
Registering precompiled user dll's ...
Registered in 0.001120 seconds.
Begin MonoManager ReloadAssembly
Native extension for WindowsStandalone target not found
Native extension for WebGL target not found
Refreshing native plugins compatible for Editor in 0.23 ms, found 0 plugins.
Preloading 0 native plugins for Editor in 0.00 ms.
Mono: successfully reloaded assembly
- Completed reload, in  0.904 seconds
Platform modules already initialized, skipping
========================================================================
Worker process is ready to serve import requests
Launched and connected shader compiler UnityShaderCompiler.exe after 0.05 seconds
Refreshing native plugins compatible for Editor in 0.24 ms, found 0 plugins.
Preloading 0 native plugins for Editor in 0.00 ms.
Unloading 1125 Unused Serialized files (Serialized files now loaded: 0)
System memory in use before: 57.6 MB.
System memory in use after: 57.7 MB.

Unloading 11 unused Assets to reduce memory usage. Loaded Objects now: 1571.
Total: 1.753200 ms (FindLiveObjects: 0.142100 ms CreateObjectMapping: 0.040700 ms MarkObjects: 1.479100 ms  DeleteObjects: 0.090500 ms)

========================================================================
Received Import Request.
  path: Assets
  artifactKey: Guid(00000000000000001000000000000000) Importer(815301076,1909f56bfc062723c751e8b465ee728b)
Start importing Assets using Guid(00000000000000001000000000000000) Importer(815301076,1909f56bfc062723c751e8b465ee728b)  -> (artifact id: '2e34e4715342890f7d3378cc52943dfd') in 0.009812 seconds
  Import took 0.178930 seconds .

========================================================================
Received Import Request.
  Time since last request: 3.611266 seconds.
  path: Assets/Art
  artifactKey: Guid(f036b3016761fc54bbd4461f7f386407) Importer(815301076,1909f56bfc062723c751e8b465ee728b)
Start importing Assets/Art using Guid(f036b3016761fc54bbd4461f7f386407) Importer(815301076,1909f56bfc062723c751e8b465ee728b)  -> (artifact id: '0c0584d8cfdd8919b95dd67ca924484b') in 0.008330 seconds
  Import took 0.013575 seconds .

========================================================================
Received Import Request.
  Time since last request: 23.590043 seconds.
  path: Assets/Scripts
  artifactKey: Guid(6bc982d3a9abe4c48941d9af68cf430e) Importer(815301076,1909f56bfc062723c751e8b465ee728b)
Start importing Assets/Scripts using Guid(6bc982d3a9abe4c48941d9af68cf430e) Importer(815301076,1909f56bfc062723c751e8b465ee728b)  -> (artifact id: 'd053779d7be188d670289f919f71228c') in 0.007183 seconds
  Import took 0.016970 seconds .

========================================================================
Received Prepare
Registering precompiled user dll's ...
Registered in 0.001146 seconds.
Begin MonoManager ReloadAssembly
Native extension for WindowsStandalone target not found
Native extension for WebGL target not found
Refreshing native plugins compatible for Editor in 0.30 ms, found 0 plugins.
Preloading 0 native plugins for Editor in 0.00 ms.
Mono: successfully reloaded assembly
- Completed reload, in  0.835 seconds
Platform modules already initialized, skipping
Refreshing native plugins compatible for Editor in 0.29 ms, found 0 plugins.
Preloading 0 native plugins for Editor in 0.00 ms.
Unloading 1119 Unused Serialized files (Serialized files now loaded: 0)
System memory in use before: 57.5 MB.
System memory in use after: 57.6 MB.

Unloading 6 unused Assets to reduce memory usage. Loaded Objects now: 1574.
Total: 2.310600 ms (FindLiveObjects: 0.113700 ms CreateObjectMapping: 0.038300 ms MarkObjects: 2.107000 ms  DeleteObjects: 0.034100 ms)

========================================================================
Received Import Request.
  Time since last request: 11.197226 seconds.
  path: Assets/Scenes
  artifactKey: Guid(f672687d8f558054bb43eacec40185f7) Importer(815301076,1909f56bfc062723c751e8b465ee728b)
Start importing Assets/Scenes using Guid(f672687d8f558054bb43eacec40185f7) Importer(815301076,1909f56bfc062723c751e8b465ee728b)  -> (artifact id: '75d55f37ea5416066ac22d2adc4943a9') in 0.008329 seconds
  Import took 0.011167 seconds .

========================================================================
Received Prepare
Registering precompiled user dll's ...
Registered in 0.001681 seconds.
Begin MonoManager ReloadAssembly
Native extension for WindowsStandalone target not found
Native extension for WebGL target not found
Refreshing native plugins compatible for Editor in 0.23 ms, found 0 plugins.
Preloading 0 native plugins for Editor in 0.00 ms.
Mono: successfully reloaded assembly
- Completed reload, in  0.816 seconds
Platform modules already initialized, skipping
Refreshing native plugins compatible for Editor in 0.29 ms, found 0 plugins.
Preloading 0 native plugins for Editor in 0.00 ms.
Unloading 1119 Unused Serialized files (Serialized files now loaded: 0)
System memory in use before: 57.5 MB.
System memory in use after: 57.6 MB.

Unloading 6 unused Assets to reduce memory usage. Loaded Objects now: 1577.
Total: 1.437600 ms (FindLiveObjects: 0.122800 ms CreateObjectMapping: 0.037000 ms MarkObjects: 1.263500 ms  DeleteObjects: 0.013300 ms)

AssetImportWorkerClient::OnTransportError - code=2 error=End of file
